{"level":"info","message":"GET /api/health"}
{"level":"info","message":"GET /api/health"}
{"level":"info","message":"GET /api/estacoes"}
{"level":"info","message":"GET /api/health"}
{"level":"info","message":"GET /api/estacoes"}
{"level":"info","message":"GET /api/estacoes"}
{"level":"info","message":"DELETE /ciclones/1"}
{"level":"info","message":"DELETE /ciclones/1"}
{"level":"info","message":"POST /ciclones"}
{"level":"info","message":"POST /ciclones"}
{"level":"info","message":"GET /ciclones"}
{"level":"info","message":"GET /api/estacoes"}
{"level":"info","message":"GET /api/health"}
{"level":"info","message":"GET /api/health"}
{"level":"info","message":"GET /api/pre-sinais/3"}
{"level":"info","message":"GET /api/pre-sinais/3"}
{"level":"info","message":"GET /api/pre-sinais/2"}
{"level":"info","message":"GET /api/dados-estacao/1"}
{"level":"info","message":"GET /api/dados-estacao/2"}
{"level":"info","message":"GET /api/dados-estacao/1"}
{"level":"info","message":"POST /api/estacoes"}
{"level":"info","message":"GET /api/dados-estacao/1"}
{"level":"info","message":"GET /pre-sinais/tempo-real"}
{"level":"info","message":"GET /pre-sinais/tempo-real"}
{"level":"info","message":"GET /pre-sinais/tempo-real"}
{"level":"info","message":"GET /pre-sinais/ciclone/1"}
{"level":"info","message":"GET /pre-sinais/tempo-real"}
{"level":"info","message":"GET /pre-sinais/tempo-real"}
{"level":"info","message":"GET /pre-sinais/tempo-real"}
{"level":"info","message":"GET /pre-sinais/tempo-real"}
{"level":"info","message":"GET /pre-sinais/tempo-real"}
{"level":"info","message":"GET /favicon.ico"}
{"level":"info","message":"GET /pre-sinais/tempo-real"}
{"level":"info","message":"GET /pre-sinais/tempo-real"}
{"level":"info","message":"POST /pre-sinais"}
{"level":"info","message":"POST /pre-sinais"}
{"level":"info","message":"DELETE /pre-sinais/1"}
{"level":"info","message":"GET /pre-sinais/ciclone/1"}
{"level":"info","message":"GET /pre-sinais/tempo-real"}
{"level":"info","message":"GET /pre-sinais/tempo-real"}
